/home/pi/Documents/OTIS-2U-Repo/XBee_sat.py:35: RuntimeWarning: This channel is already in use, continuing anyway.  Use GPIO.setwarnings(False) to disable warnings.
  GPIO.setup(26, GPIO.OUT, initial=GPIO.LOW)
Sending file: 115.jpg
Waiting for X byte...
3728
Waiting for X byte...
fileNameLen
Waiting for X byte...
fileName
Waiting for X byte...
File sent
Archiving file: 115.jpg
Converting image: 116.png
Archiving file: 116.png
Sending file: 116.jpg
Waiting for X byte...
3856
Waiting for X byte...
fileNameLen
Waiting for X byte...
fileName
Waiting for X byte...
File sent
Archiving file: 116.jpg
Converting image: 117.png
Archiving file: 117.png
Sending file: 117.jpg
Waiting for X byte...
3721
Waiting for X byte...
fileNameLen
Waiting for X byte...
fileName
Waiting for X byte...
File sent
Archiving file: 117.jpg
Converting image: 118.png
Archiving file: 118.png
Sending file: 118.jpg
Waiting for X byte...
924
Waiting for X byte...
fileNameLen
Waiting for X byte...
fileName
Waiting for X byte...
File sent
Archiving file: 118.jpg
Converting image: 119.png
Archiving file: 119.png
Sending file: 119.jpg
Waiting for X byte...
1112
Waiting for X byte...
fileNameLen
Waiting for X byte...
fileName
Waiting for X byte...
File sent
Archiving file: 119.jpg
Converting image: 12.png
Archiving file: 12.png
Sending file: 12.jpg
Waiting for X byte...
4294
Waiting for X byte...
fileNameLen
Waiting for X byte...
fileName
Waiting for X byte...
File sent
Archiving file: 12.jpg
Converting image: 120.png
Archiving file: 120.png
Sending file: 120.jpg
Waiting for X byte...
3938
Waiting for X byte...
fileNameLen
Waiting for X byte...
fileName
Waiting for X byte...
File sent
Archiving file: 120.jpg
Converting image: 121.png
Archiving file: 121.png
Sending file: 121.jpg
Waiting for X byte...
4255
Waiting for X byte...
fileNameLen
Waiting for X byte...
fileName
Waiting for X byte...
File sent
Archiving file: 121.jpg
Converting image: 122.png
Archiving file: 122.png
Sending file: 122.jpg
Waiting for X byte...
4277
Waiting for X byte...
fileNameLen
Waiting for X byte...
fileName
Waiting for X byte...
File sent
Archiving file: 122.jpg
Converting image: 123.png
Archiving file: 123.png
Sending file: 123.jpg
Waiting for X byte...
4445
Waiting for X byte...
fileNameLen
Waiting for X byte...
fileName
Waiting for X byte...
File sent
Archiving file: 123.jpg
Converting image: 124.png
Archiving file: 124.png
Sending file: 124.jpg
Waiting for X byte...
4486
Waiting for X byte...
fileNameLen
Waiting for X byte...
fileName
Waiting for X byte...
File sent
Archiving file: 124.jpg
Converting image: 125.png
Archiving file: 125.png
Sending file: 125.jpg
Waiting for X byte...
4476
Waiting for X byte...
fileNameLen
Waiting for X byte...
fileName
Waiting for X byte...
File sent
Archiving file: 125.jpg
Converting image: 126.png
Archiving file: 126.png
Sending file: 126.jpg
Waiting for X byte...
4517
Waiting for X byte...
fileNameLen
Waiting for X byte...
fileName
Waiting for X byte...
File sent
Archiving file: 126.jpg
Converting image: 127.png
Archiving file: 127.png
Sending file: 127.jpg
Waiting for X byte...
4443
Waiting for X byte...
fileNameLen
Waiting for X byte...
fileName
Waiting for X byte...
File sent
Archiving file: 127.jpg
Converting image: 128.png
Archiving file: 128.png
Sending file: 128.jpg
Waiting for X byte...
4399
Waiting for X byte...
fileNameLen
Waiting for X byte...
fileName
Waiting for X byte...
File sent
Archiving file: 128.jpg
Converting image: 129.png
Archiving file: 129.png
Sending file: 129.jpg
Waiting for X byte...
4220
Waiting for X byte...
fileNameLen
Waiting for X byte...
fileName
Waiting for X byte...
File sent
Archiving file: 129.jpg
Converting image: 13.png
Archiving file: 13.png
Sending file: 13.jpg
Waiting for X byte...
4293
Waiting for X byte...
fileNameLen
Waiting for X byte...
fileName
Waiting for X byte...
File sent
Archiving file: 13.jpg
Converting image: 130.png
Archiving file: 130.png
Sending file: 130.jpg
Waiting for X byte...
4094
Waiting for X byte...
fileNameLen
Waiting for X byte...
fileName
Waiting for X byte...
File sent
Archiving file: 130.jpg
Converting image: 131.png
Archiving file: 131.png
Sending file: 131.jpg
Waiting for X byte...
3425
Waiting for X byte...
fileNameLen
Waiting for X byte...
fileName
Waiting for X byte...
File sent
Archiving file: 131.jpg
Converting image: 132.png
Archiving file: 132.png
Sending file: 132.jpg
Waiting for X byte...
4360
Waiting for X byte...
fileNameLen
Waiting for X byte...
fileName
Waiting for X byte...
File sent
Archiving file: 132.jpg
Converting image: 133.png
Archiving file: 133.png
Sending file: 133.jpg
Waiting for X byte...
4089
Waiting for X byte...
fileNameLen
Waiting for X byte...
fileName
Waiting for X byte...
File sent
Archiving file: 133.jpg
Converting image: 134.png
Archiving file: 134.png
Sending file: 134.jpg
Waiting for X byte...
3893
Waiting for X byte...
fileNameLen
Waiting for X byte...
fileName
Waiting for X byte...
File sent
Archiving file: 134.jpg
Converting image: 135.png
Archiving file: 135.png
Sending file: 135.jpg
Waiting for X byte...
4438
Waiting for X byte...
fileNameLen
Waiting for X byte...
fileName
Waiting for X byte...
File sent
Archiving file: 135.jpg
Converting image: 136.png
Archiving file: 136.png
Sending file: 136.jpg
Waiting for X byte...
4501
Waiting for X byte...
Traceback (most recent call last):
  File "/usr/lib/python3/dist-packages/serial/serialposix.py", line 501, in read
    'device reports readiness to read but returned no data '
serial.serialutil.SerialException: device reports readiness to read but returned no data (device disconnected or multiple access on port?)

During handling of the above exception, another exception occurred:

Traceback (most recent call last):
  File "/home/pi/Documents/OTIS-2U-Repo/main.py", line 5, in <module>
    import XBee_sat
  File "/home/pi/Documents/OTIS-2U-Repo/XBee_sat.py", line 39, in <module>
    
  File "/home/pi/Documents/OTIS-2U-Repo/XBee_sat.py", line 31, in send_files
    collectFiles('/home/pi/Documents/OTIS-2U-Repo/images/', '/home/pi/Documents/OTIS-2U-Repo/archived/')
  File "/home/pi/Documents/OTIS-2U-Repo/XBee_sat.py", line 26, in collectFiles
    satellite.send_file(mydir, fileName)
  File "/home/pi/Documents/OTIS-2U-Repo/XBee_class.py", line 42, in send_file
    self.wait_file_sync()
  File "/home/pi/Documents/OTIS-2U-Repo/XBee_class.py", line 23, in wait_file_sync
    rec = self.ser.read()
  File "/usr/lib/python3/dist-packages/serial/serialposix.py", line 509, in read
    raise SerialException('read failed: {}'.format(e))
serial.serialutil.SerialException: read failed: device reports readiness to read but returned no data (device disconnected or multiple access on port?)
